platforms/android/app/build/outputs/logs/manifest-merger-release-report.txt
-- Merging decision tree log ---
manifest
ADDED from src/main/AndroidManifest.xml:2:1-94:12
INJECTED from src/main/AndroidManifest.xml:2:1-94:12
INJECTED from src/main/AndroidManifest.xml:2:1-94:12
INJECTED from src/main/AndroidManifest.xml:2:1-94:12
MERGED from [:CordovaLib] AndroidManifest.xml:20:1-27:12
INJECTED from src/main/AndroidManifest.xml:2:1-94:12
INJECTED from src/main/AndroidManifest.xml:2:1-94:12
INJECTED from src/main/AndroidManifest.xml:2:1-94:12
	package
		ADDED from src/main/AndroidManifest.xml:2:100-125
		INJECTED from src/main/AndroidManifest.xml
		INJECTED from src/main/AndroidManifest.xml
	android:versionName
		ADDED from src/main/AndroidManifest.xml:2:72-99
		INJECTED from src/main/AndroidManifest.xml
		INJECTED from src/main/AndroidManifest.xml
	xmlns:tools
		ADDED from src/main/AndroidManifest.xml:2:185-231
	android:hardwareAccelerated
		ADDED from src/main/AndroidManifest.xml:2:11-45
	xmlns:android
		ADDED from src/main/AndroidManifest.xml:2:126-184
	android:versionCode
		ADDED from src/main/AndroidManifest.xml:2:46-71
		INJECTED from src/main/AndroidManifest.xml
		INJECTED from src/main/AndroidManifest.xml
supports-screens
ADDED from src/main/AndroidManifest.xml:3:5-191
	android:largeScreens
		ADDED from src/main/AndroidManifest.xml:3:49-76
	android:smallScreens
		ADDED from src/main/AndroidManifest.xml:3:132-159
	android:normalScreens
		ADDED from src/main/AndroidManifest.xml:3:77-105
	android:xlargeScreens
		ADDED from src/main/AndroidManifest.xml:3:160-188
	android:resizeable
		ADDED from src/main/AndroidManifest.xml:3:106-131
	android:anyDensity
		ADDED from src/main/AndroidManifest.xml:3:23-48
uses-sdk
ADDED from src/main/AndroidManifest.xml:4:5-74
MERGED from [:CordovaLib] AndroidManifest.xml:25:5-44
MERGED from [:CordovaLib] AndroidManifest.xml:25:5-44
	android:targetSdkVersion
		ADDED from src/main/AndroidManifest.xml:4:42-71
	android:minSdkVersion
		ADDED from src/main/AndroidManifest.xml:4:15-41
uses-permission#android.permission.ACCESS_NETWORK_STATE
ADDED from src/main/AndroidManifest.xml:5:5-79
	android:name
		ADDED from src/main/AndroidManifest.xml:5:22-76
uses-permission#android.permission.VIBRATE
ADDED from src/main/AndroidManifest.xml:6:5-66
	android:name
		ADDED from src/main/AndroidManifest.xml:6:22-63
uses-permission#android.permission.INTERNET
ADDED from src/main/AndroidManifest.xml:7:5-67
	android:name
		ADDED from src/main/AndroidManifest.xml:7:22-64
uses-permission#android.permission.RECORD_AUDIO
ADDED from src/main/AndroidManifest.xml:8:5-71
	android:name
		ADDED from src/main/AndroidManifest.xml:8:22-68
uses-permission#android.permission.CAMERA
ADDED from src/main/AndroidManifest.xml:9:5-65
	android:name
		ADDED from src/main/AndroidManifest.xml:9:22-62
uses-permission#android.permission.ACCESS_MOCK_LOCATION
ADDED from src/main/AndroidManifest.xml:11:5-107
	tools:ignore
		ADDED from src/main/AndroidManifest.xml:11:77-104
	android:name
		ADDED from src/main/AndroidManifest.xml:11:22-76
uses-permission#android.permission.WRITE_EXTERNAL_STORAGE
ADDED from src/main/AndroidManifest.xml:12:5-81
	android:name
		ADDED from src/main/AndroidManifest.xml:12:22-78
uses-permission#android.permission.MOUNT_UNMOUNT_FILESYSTEMS
ADDED from src/main/AndroidManifest.xml:13:5-84
	android:name
		ADDED from src/main/AndroidManifest.xml:13:22-81
uses-permission#android.permission.ACCESS_FINE_LOCATION
ADDED from src/main/AndroidManifest.xml:14:5-79
	android:name
		ADDED from src/main/AndroidManifest.xml:14:22-76
uses-permission#android.permission.GET_TASKS
ADDED from src/main/AndroidManifest.xml:15:5-68
	android:name
		ADDED from src/main/AndroidManifest.xml:15:22-65
uses-permission#android.permission.ACCESS_WIFI_STATE
ADDED from src/main/AndroidManifest.xml:16:5-76
	android:name
		ADDED from src/main/AndroidManifest.xml:16:22-73
uses-permission#android.permission.CHANGE_WIFI_STATE
ADDED from src/main/AndroidManifest.xml:17:5-76
	android:name
		ADDED from src/main/AndroidManifest.xml:17:22-73
uses-permission#android.permission.WAKE_LOCK
ADDED from src/main/AndroidManifest.xml:18:5-68
	android:name
		ADDED from src/main/AndroidManifest.xml:18:22-65
uses-permission#android.permission.MODIFY_AUDIO_SETTINGS
ADDED from src/main/AndroidManifest.xml:19:5-80
	android:name
		ADDED from src/main/AndroidManifest.xml:19:22-77
uses-permission#android.permission.READ_PHONE_STATE
ADDED from src/main/AndroidManifest.xml:20:5-75
	android:name
		ADDED from src/main/AndroidManifest.xml:20:22-72
uses-permission#android.permission.RECEIVE_BOOT_COMPLETED
ADDED from src/main/AndroidManifest.xml:21:5-81
	android:name
		ADDED from src/main/AndroidManifest.xml:21:22-78
application
ADDED from src/main/AndroidManifest.xml:22:5-88:19
	android:supportsRtl
		ADDED from src/main/AndroidManifest.xml:22:148-174
	android:label
		ADDED from src/main/AndroidManifest.xml:22:81-113
	android:hardwareAccelerated
		ADDED from src/main/AndroidManifest.xml:22:18-52
	android:icon
		ADDED from src/main/AndroidManifest.xml:22:53-80
	android:name
		ADDED from src/main/AndroidManifest.xml:22:114-147
activity#com.srzx.school.MainActivity
ADDED from src/main/AndroidManifest.xml:23:9-28:20
	android:label
		ADDED from src/main/AndroidManifest.xml:23:97-134
	android:launchMode
		ADDED from src/main/AndroidManifest.xml:23:135-165
	android:windowSoftInputMode
		ADDED from src/main/AndroidManifest.xml:23:257-299
	android:configChanges
		ADDED from src/main/AndroidManifest.xml:23:19-96
	android:theme
		ADDED from src/main/AndroidManifest.xml:23:194-256
	android:name
		ADDED from src/main/AndroidManifest.xml:23:166-193
intent-filter#android.intent.action.MAIN+android.intent.category.LAUNCHER
ADDED from src/main/AndroidManifest.xml:24:13-27:29
	android:label
		ADDED from src/main/AndroidManifest.xml:24:28-65
action#android.intent.action.MAIN
ADDED from src/main/AndroidManifest.xml:25:17-69
	android:name
		ADDED from src/main/AndroidManifest.xml:25:25-66
category#android.intent.category.LAUNCHER
ADDED from src/main/AndroidManifest.xml:26:17-77
	android:name
		ADDED from src/main/AndroidManifest.xml:26:27-74
meta-data#EASEMOB_APPKEY
ADDED from src/main/AndroidManifest.xml:29:9-92
	android:value
		ADDED from src/main/AndroidManifest.xml:29:50-89
	android:name
		ADDED from src/main/AndroidManifest.xml:29:20-49
activity#cn.jpush.android.ui.PushActivity
ADDED from src/main/AndroidManifest.xml:30:9-36:20
	android:configChanges
		ADDED from src/main/AndroidManifest.xml:30:19-69
	android:theme
		ADDED from src/main/AndroidManifest.xml:30:118-177
	android:name
		ADDED from src/main/AndroidManifest.xml:30:70-117
intent-filter#android.intent.category.DEFAULT+cn.jpush.android.ui.PushActivity+com.srzx.school
ADDED from src/main/AndroidManifest.xml:31:13-35:29
action#cn.jpush.android.ui.PushActivity
ADDED from src/main/AndroidManifest.xml:32:17-75
	android:name
		ADDED from src/main/AndroidManifest.xml:32:25-72
category#android.intent.category.DEFAULT
ADDED from src/main/AndroidManifest.xml:33:17-76
	android:name
		ADDED from src/main/AndroidManifest.xml:33:27-73
category#com.srzx.school
ADDED from src/main/AndroidManifest.xml:34:17-60
	android:name
		ADDED from src/main/AndroidManifest.xml:34:27-57
activity#cn.jpush.android.ui.PopWinActivity
ADDED from src/main/AndroidManifest.xml:37:9-133
	android:exported
		ADDED from src/main/AndroidManifest.xml:37:19-43
	android:theme
		ADDED from src/main/AndroidManifest.xml:37:94-130
	android:name
		ADDED from src/main/AndroidManifest.xml:37:44-93
service#cn.jpush.android.service.DownloadService
ADDED from src/main/AndroidManifest.xml:38:9-124
	android:enabled
		ADDED from src/main/AndroidManifest.xml:38:18-40
	android:exported
		ADDED from src/main/AndroidManifest.xml:38:41-65
	android:name
		ADDED from src/main/AndroidManifest.xml:38:66-121
service#cn.jpush.android.service.PushService
ADDED from src/main/AndroidManifest.xml:39:9-46:19
	android:process
		ADDED from src/main/AndroidManifest.xml:39:118-143
	android:enabled
		ADDED from src/main/AndroidManifest.xml:39:18-40
	android:exported
		ADDED from src/main/AndroidManifest.xml:39:41-65
	android:name
		ADDED from src/main/AndroidManifest.xml:39:66-117
intent-filter#cn.jpush.android.intent.PUSH_TIME+cn.jpush.android.intent.PushService+cn.jpush.android.intent.REGISTER+cn.jpush.android.intent.REPORT
ADDED from src/main/AndroidManifest.xml:40:13-45:29
action#cn.jpush.android.intent.REGISTER
ADDED from src/main/AndroidManifest.xml:41:17-75
	android:name
		ADDED from src/main/AndroidManifest.xml:41:25-72
action#cn.jpush.android.intent.REPORT
ADDED from src/main/AndroidManifest.xml:42:17-73
	android:name
		ADDED from src/main/AndroidManifest.xml:42:25-70
action#cn.jpush.android.intent.PushService
ADDED from src/main/AndroidManifest.xml:43:17-78
	android:name
		ADDED from src/main/AndroidManifest.xml:43:25-75
action#cn.jpush.android.intent.PUSH_TIME
ADDED from src/main/AndroidManifest.xml:44:17-76
	android:name
		ADDED from src/main/AndroidManifest.xml:44:25-73
receiver#cn.jpush.android.service.PushReceiver
ADDED from src/main/AndroidManifest.xml:47:9-61:20
	android:enabled
		ADDED from src/main/AndroidManifest.xml:47:19-41
	android:exported
		ADDED from src/main/AndroidManifest.xml:47:42-66
	android:name
		ADDED from src/main/AndroidManifest.xml:47:67-119
intent-filter#cn.jpush.android.intent.NOTIFICATION_RECEIVED_PROXY+com.srzx.school
ADDED from src/main/AndroidManifest.xml:48:13-51:29
	android:priority
		ADDED from src/main/AndroidManifest.xml:48:28-51
action#cn.jpush.android.intent.NOTIFICATION_RECEIVED_PROXY
ADDED from src/main/AndroidManifest.xml:49:17-94
	android:name
		ADDED from src/main/AndroidManifest.xml:49:25-91
intent-filter#android.intent.action.USER_PRESENT+android.net.conn.CONNECTIVITY_CHANGE
ADDED from src/main/AndroidManifest.xml:52:13-55:29
action#android.intent.action.USER_PRESENT
ADDED from src/main/AndroidManifest.xml:53:17-77
	android:name
		ADDED from src/main/AndroidManifest.xml:53:25-74
action#android.net.conn.CONNECTIVITY_CHANGE
ADDED from src/main/AndroidManifest.xml:54:17-79
	android:name
		ADDED from src/main/AndroidManifest.xml:54:25-76
intent-filter#android.intent.action.PACKAGE_ADDED+android.intent.action.PACKAGE_REMOVED
ADDED from src/main/AndroidManifest.xml:56:13-60:29
action#android.intent.action.PACKAGE_ADDED
ADDED from src/main/AndroidManifest.xml:57:17-78
	android:name
		ADDED from src/main/AndroidManifest.xml:57:25-75
action#android.intent.action.PACKAGE_REMOVED
ADDED from src/main/AndroidManifest.xml:58:17-80
	android:name
		ADDED from src/main/AndroidManifest.xml:58:25-77
data
ADDED from src/main/AndroidManifest.xml:59:17-50
	android:scheme
		ADDED from src/main/AndroidManifest.xml:59:23-47
service#cn.jpush.android.service.DaemonService
ADDED from src/main/AndroidManifest.xml:62:9-67:19
	android:enabled
		ADDED from src/main/AndroidManifest.xml:62:18-40
	android:exported
		ADDED from src/main/AndroidManifest.xml:62:41-64
	android:name
		ADDED from src/main/AndroidManifest.xml:62:65-118
intent-filter#cn.jpush.android.intent.DaemonService+com.srzx.school
ADDED from src/main/AndroidManifest.xml:63:13-66:29
action#cn.jpush.android.intent.DaemonService
ADDED from src/main/AndroidManifest.xml:64:17-80
	android:name
		ADDED from src/main/AndroidManifest.xml:64:25-77
receiver#cn.jiguang.cordova.push.JPushReceiver
ADDED from src/main/AndroidManifest.xml:68:9-77:20
	android:enabled
		ADDED from src/main/AndroidManifest.xml:68:19-41
	android:name
		ADDED from src/main/AndroidManifest.xml:68:42-94
intent-filter#cn.jpush.android.intent.CONNECTION+cn.jpush.android.intent.MESSAGE_RECEIVED+cn.jpush.android.intent.NOTIFICATION_OPENED+cn.jpush.android.intent.NOTIFICATION_RECEIVED+cn.jpush.android.intent.REGISTRATION+com.srzx.school
ADDED from src/main/AndroidManifest.xml:69:13-76:29
action#cn.jpush.android.intent.REGISTRATION
ADDED from src/main/AndroidManifest.xml:70:17-79
	android:name
		ADDED from src/main/AndroidManifest.xml:70:25-76
action#cn.jpush.android.intent.MESSAGE_RECEIVED
ADDED from src/main/AndroidManifest.xml:71:17-83
	android:name
		ADDED from src/main/AndroidManifest.xml:71:25-80
action#cn.jpush.android.intent.NOTIFICATION_RECEIVED
ADDED from src/main/AndroidManifest.xml:72:17-88
	android:name
		ADDED from src/main/AndroidManifest.xml:72:25-85
action#cn.jpush.android.intent.NOTIFICATION_OPENED
ADDED from src/main/AndroidManifest.xml:73:17-86
	android:name
		ADDED from src/main/AndroidManifest.xml:73:25-83
action#cn.jpush.android.intent.CONNECTION
ADDED from src/main/AndroidManifest.xml:74:17-77
	android:name
		ADDED from src/main/AndroidManifest.xml:74:25-74
receiver#cn.jpush.android.service.AlarmReceiver
ADDED from src/main/AndroidManifest.xml:78:9-100
	android:exported
		ADDED from src/main/AndroidManifest.xml:78:19-43
	android:name
		ADDED from src/main/AndroidManifest.xml:78:44-97
provider#cn.jpush.android.service.DataProvider
ADDED from src/main/AndroidManifest.xml:79:9-149
	android:authorities
		ADDED from src/main/AndroidManifest.xml:79:19-69
	android:exported
		ADDED from src/main/AndroidManifest.xml:79:70-93
	android:name
		ADDED from src/main/AndroidManifest.xml:79:94-146
receiver#cn.jiguang.cordova.push.JPushEventReceiver
ADDED from src/main/AndroidManifest.xml:80:9-85:20
	android:name
		ADDED from src/main/AndroidManifest.xml:80:19-76
intent-filter#cn.jpush.android.intent.RECEIVE_MESSAGE+com.srzx.school
ADDED from src/main/AndroidManifest.xml:81:13-84:29
action#cn.jpush.android.intent.RECEIVE_MESSAGE
ADDED from src/main/AndroidManifest.xml:82:17-82
	android:name
		ADDED from src/main/AndroidManifest.xml:82:25-79
meta-data#JPUSH_CHANNEL
ADDED from src/main/AndroidManifest.xml:86:9-85
	android:value
		ADDED from src/main/AndroidManifest.xml:86:49-82
	android:name
		ADDED from src/main/AndroidManifest.xml:86:20-48
meta-data#JPUSH_APPKEY
ADDED from src/main/AndroidManifest.xml:87:9-91
	android:value
		ADDED from src/main/AndroidManifest.xml:87:48-88
	android:name
		ADDED from src/main/AndroidManifest.xml:87:20-47
permission#com.srzx.school.permission.JPUSH_MESSAGE
ADDED from src/main/AndroidManifest.xml:89:5-111
	android:protectionLevel
		ADDED from src/main/AndroidManifest.xml:89:73-108
	android:name
		ADDED from src/main/AndroidManifest.xml:89:17-72
uses-permission#com.srzx.school.permission.JPUSH_MESSAGE
ADDED from src/main/AndroidManifest.xml:90:5-80
	android:name
		ADDED from src/main/AndroidManifest.xml:90:22-77
uses-permission#android.permission.RECEIVE_USER_PRESENT
ADDED from src/main/AndroidManifest.xml:91:5-79
	android:name
		ADDED from src/main/AndroidManifest.xml:91:22-76
uses-permission#android.permission.READ_EXTERNAL_STORAGE
ADDED from src/main/AndroidManifest.xml:92:5-80
	android:name
		ADDED from src/main/AndroidManifest.xml:92:22-77
uses-permission#android.permission.WRITE_SETTINGS
ADDED from src/main/AndroidManifest.xml:93:5-73
	android:name
		ADDED from src/main/AndroidManifest.xml:93:22-70